2024-09-14T10:05:08.332Z [undefined] [32minfo[39m: ======= [CONTROLLER: User] =======
2024-09-14T10:05:08.334Z [undefined] [32minfo[39m: [ACTION: Render Login Form]
2024-09-14T10:05:08.346Z [undefined] [32minfo[39m: ======= [END OF ACTION: Render Login Form] =======

2024-09-14T16:06:26.023Z [undefined] [31merror[39m: ExpressError created: StatusCode=404, Message=Page Not Found!
2024-09-14T16:07:55.991Z [undefined] [32minfo[39m: Fetching all jobs
2024-09-14T16:07:55.992Z [undefined] [32minfo[39m: ======= [MIDDLEWARE: wrapAsync] =======
2024-09-14T16:07:55.993Z [undefined] [32minfo[39m: [ACTION: Wrapping async function: anonymous function]
2024-09-14T16:07:55.993Z [undefined] [32minfo[39m: Request URL: %s
2024-09-14T16:07:55.994Z [undefined] [32minfo[39m: Request Method: %s
2024-09-14T16:07:55.994Z [undefined] [32minfo[39m: Fetching all jobs...
2024-09-14T16:07:56.030Z [undefined] [32minfo[39m: Found 20 jobs.
2024-09-14T16:07:56.055Z [undefined] [32minfo[39m: [END OF ACTION: Async function anonymous function completed]
2024-09-14T16:07:56.056Z [undefined] [32minfo[39m: ======= [END OF MIDDLEWARE: wrapAsync] =======

2024-09-14T16:07:56.920Z [undefined] [32minfo[39m: User not authenticated, redirecting to login.
2024-09-14T16:07:56.936Z [undefined] [32minfo[39m: Rendering login form
2024-09-14T16:07:56.936Z [undefined] [32minfo[39m: ======= [CONTROLLER: User] =======
2024-09-14T16:07:56.937Z [undefined] [32minfo[39m: [ACTION: Render Login Form]
2024-09-14T16:07:56.941Z [undefined] [32minfo[39m: ======= [END OF ACTION: Render Login Form] =======

2024-09-14T16:07:58.220Z [undefined] [32minfo[39m: Fetching list of success stories
2024-09-14T16:07:58.221Z [undefined] [32minfo[39m: ======= [MIDDLEWARE: wrapAsync] =======
2024-09-14T16:07:58.221Z [undefined] [32minfo[39m: [ACTION: Wrapping async function: anonymous function]
2024-09-14T16:07:58.221Z [undefined] [32minfo[39m: Request URL: %s
2024-09-14T16:07:58.221Z [undefined] [32minfo[39m: Request Method: %s
2024-09-14T16:07:58.222Z [undefined] [32minfo[39m: Fetching all success stories
2024-09-14T16:07:58.255Z [undefined] [32minfo[39m: Successfully fetched and rendered success stories
2024-09-14T16:07:58.256Z [undefined] [32minfo[39m: [END OF ACTION: Async function anonymous function completed]
2024-09-14T16:07:58.256Z [undefined] [32minfo[39m: ======= [END OF MIDDLEWARE: wrapAsync] =======

2024-09-14T16:07:59.532Z [undefined] [31merror[39m: ExpressError created: StatusCode=404, Message=Page Not Found!
2024-09-14T16:08:00.357Z [undefined] [32minfo[39m: Fetching list of success stories
2024-09-14T16:08:00.358Z [undefined] [32minfo[39m: ======= [MIDDLEWARE: wrapAsync] =======
2024-09-14T16:08:00.358Z [undefined] [32minfo[39m: [ACTION: Wrapping async function: anonymous function]
2024-09-14T16:08:00.358Z [undefined] [32minfo[39m: Request URL: %s
2024-09-14T16:08:00.358Z [undefined] [32minfo[39m: Request Method: %s
2024-09-14T16:08:00.359Z [undefined] [32minfo[39m: Fetching all success stories
2024-09-14T16:08:00.365Z [undefined] [32minfo[39m: Successfully fetched and rendered success stories
2024-09-14T16:08:00.365Z [undefined] [32minfo[39m: [END OF ACTION: Async function anonymous function completed]
2024-09-14T16:08:00.366Z [undefined] [32minfo[39m: ======= [END OF MIDDLEWARE: wrapAsync] =======

2024-09-14T16:08:00.997Z [undefined] [32minfo[39m: User not authenticated, redirecting to login.
2024-09-14T16:08:01.007Z [undefined] [32minfo[39m: Rendering login form
2024-09-14T16:08:01.007Z [undefined] [32minfo[39m: ======= [CONTROLLER: User] =======
2024-09-14T16:08:01.007Z [undefined] [32minfo[39m: [ACTION: Render Login Form]
2024-09-14T16:08:01.011Z [undefined] [32minfo[39m: ======= [END OF ACTION: Render Login Form] =======

2024-09-14T16:08:01.902Z [undefined] [32minfo[39m: Fetching list of success stories
2024-09-14T16:08:01.902Z [undefined] [32minfo[39m: ======= [MIDDLEWARE: wrapAsync] =======
2024-09-14T16:08:01.902Z [undefined] [32minfo[39m: [ACTION: Wrapping async function: anonymous function]
2024-09-14T16:08:01.902Z [undefined] [32minfo[39m: Request URL: %s
2024-09-14T16:08:01.902Z [undefined] [32minfo[39m: Request Method: %s
2024-09-14T16:08:01.903Z [undefined] [32minfo[39m: Fetching all success stories
2024-09-14T16:08:01.910Z [undefined] [32minfo[39m: Successfully fetched and rendered success stories
2024-09-14T16:08:01.911Z [undefined] [32minfo[39m: [END OF ACTION: Async function anonymous function completed]
2024-09-14T16:08:01.911Z [undefined] [32minfo[39m: ======= [END OF MIDDLEWARE: wrapAsync] =======

2024-09-14T16:08:03.096Z [undefined] [32minfo[39m: Fetching list of all donations
2024-09-14T16:08:03.096Z [undefined] [32minfo[39m: ======= [MIDDLEWARE: wrapAsync] =======
2024-09-14T16:08:03.097Z [undefined] [32minfo[39m: [ACTION: Wrapping async function: anonymous function]
2024-09-14T16:08:03.097Z [undefined] [32minfo[39m: Request URL: %s
2024-09-14T16:08:03.097Z [undefined] [32minfo[39m: Request Method: %s
2024-09-14T16:08:03.097Z [undefined] [32minfo[39m: Fetching donations...
2024-09-14T16:08:03.140Z [undefined] [32minfo[39m: Found 17 donations.
2024-09-14T16:08:03.145Z [undefined] [32minfo[39m: [END OF ACTION: Async function anonymous function completed]
2024-09-14T16:08:03.145Z [undefined] [32minfo[39m: ======= [END OF MIDDLEWARE: wrapAsync] =======

2024-09-14T16:08:05.060Z [undefined] [32minfo[39m: Fetching details for donation 66db9105a0fde86383208b37
2024-09-14T16:08:05.061Z [undefined] [32minfo[39m: ======= [MIDDLEWARE: wrapAsync] =======
2024-09-14T16:08:05.061Z [undefined] [32minfo[39m: [ACTION: Wrapping async function: anonymous function]
2024-09-14T16:08:05.061Z [undefined] [32minfo[39m: Request URL: %s
2024-09-14T16:08:05.061Z [undefined] [32minfo[39m: Request Method: %s
2024-09-14T16:08:05.062Z [undefined] [32minfo[39m: Fetching donation with ID: 66db9105a0fde86383208b37
2024-09-14T16:08:05.090Z [undefined] [32minfo[39m: Donation found:
2024-09-14T16:08:05.096Z [undefined] [32minfo[39m: [END OF ACTION: Async function anonymous function completed]
2024-09-14T16:08:05.096Z [undefined] [32minfo[39m: ======= [END OF MIDDLEWARE: wrapAsync] =======

2024-09-14T16:13:16.471Z [undefined] [32minfo[39m: Fetching all jobs
2024-09-14T16:13:16.472Z [undefined] [32minfo[39m: ======= [MIDDLEWARE: wrapAsync] =======
2024-09-14T16:13:16.472Z [undefined] [32minfo[39m: [ACTION: Wrapping async function: anonymous function]
2024-09-14T16:13:16.473Z [undefined] [32minfo[39m: Request URL: %s
2024-09-14T16:13:16.473Z [undefined] [32minfo[39m: Request Method: %s
2024-09-14T16:13:16.473Z [undefined] [32minfo[39m: Fetching all jobs...
2024-09-14T16:13:16.489Z [undefined] [32minfo[39m: Found 20 jobs.
2024-09-14T16:13:16.512Z [undefined] [32minfo[39m: [END OF ACTION: Async function anonymous function completed]
2024-09-14T16:13:16.513Z [undefined] [32minfo[39m: ======= [END OF MIDDLEWARE: wrapAsync] =======

2024-09-14T16:13:17.245Z [undefined] [32minfo[39m: User not authenticated, redirecting to login.
2024-09-14T16:13:17.278Z [undefined] [32minfo[39m: Rendering login form
2024-09-14T16:13:17.278Z [undefined] [32minfo[39m: ======= [CONTROLLER: User] =======
2024-09-14T16:13:17.278Z [undefined] [32minfo[39m: [ACTION: Render Login Form]
2024-09-14T16:13:17.283Z [undefined] [32minfo[39m: ======= [END OF ACTION: Render Login Form] =======

2024-09-14T16:13:23.572Z [undefined] [32minfo[39m: Processing login form submission
2024-09-14T16:13:23.764Z [undefined] [32minfo[39m: Redirecting to: /
